<?xml version="1.0" encoding="UTF-8"?>
<coverage generated="1720700689521" clover="3.2.0">
  <project timestamp="1720700689522" name="All files">
    <metrics statements="269" coveredstatements="137" conditionals="162" coveredconditionals="87" methods="35" coveredmethods="18" elements="466" coveredelements="242" complexity="0" loc="269" ncloc="269" packages="2" files="7" classes="7">
      <package name="lib">
        <metrics statements="229" coveredstatements="124" conditionals="144" coveredconditionals="79" methods="27" coveredmethods="15"/>
        <file name="Cpu.js" path="/home/alexandra/uni/SEP/Ass1resit/battleship-cli/lib/Cpu.js">
          <metrics statements="125" coveredstatements="113" conditionals="84" coveredconditionals="79" methods="15" coveredmethods="14"/>
          <line num="1" count="3" type="stmt"/>
          <line num="2" count="3" type="stmt"/>
          <line num="3" count="3" type="stmt"/>
          <line num="4" count="3" type="stmt"/>
          <line num="8" count="3" type="stmt"/>
          <line num="9" count="3" type="stmt"/>
          <line num="10" count="3" type="stmt"/>
          <line num="11" count="3" type="stmt"/>
          <line num="12" count="3" type="stmt"/>
          <line num="16" count="0" type="stmt"/>
          <line num="17" count="0" type="stmt"/>
          <line num="18" count="0" type="stmt"/>
          <line num="19" count="0" type="stmt"/>
          <line num="20" count="0" type="stmt"/>
          <line num="21" count="0" type="stmt"/>
          <line num="22" count="0" type="cond" truecount="0" falsecount="2"/>
          <line num="23" count="0" type="stmt"/>
          <line num="29" count="5496" type="stmt"/>
          <line num="36" count="31" type="stmt"/>
          <line num="37" count="31" type="stmt"/>
          <line num="38" count="31" type="stmt"/>
          <line num="40" count="31" type="cond" truecount="2" falsecount="0"/>
          <line num="41" count="30" type="stmt"/>
          <line num="42" count="30" type="cond" truecount="2" falsecount="0"/>
          <line num="43" count="21" type="stmt"/>
          <line num="46" count="31" type="cond" truecount="2" falsecount="0"/>
          <line num="47" count="30" type="stmt"/>
          <line num="48" count="30" type="cond" truecount="2" falsecount="0"/>
          <line num="49" count="27" type="stmt"/>
          <line num="52" count="31" type="cond" truecount="2" falsecount="0"/>
          <line num="53" count="30" type="stmt"/>
          <line num="54" count="30" type="cond" truecount="2" falsecount="0"/>
          <line num="55" count="18" type="stmt"/>
          <line num="58" count="31" type="cond" truecount="2" falsecount="0"/>
          <line num="59" count="29" type="stmt"/>
          <line num="60" count="29" type="cond" truecount="2" falsecount="0"/>
          <line num="61" count="14" type="stmt"/>
          <line num="65" count="31" type="stmt"/>
          <line num="69" count="28" type="stmt"/>
          <line num="70" count="28" type="stmt"/>
          <line num="71" count="28" type="stmt"/>
          <line num="72" count="28" type="stmt"/>
          <line num="73" count="28" type="stmt"/>
          <line num="74" count="28" type="stmt"/>
          <line num="75" count="28" type="stmt"/>
          <line num="76" count="28" type="stmt"/>
          <line num="77" count="28" type="stmt"/>
          <line num="80" count="28" type="cond" truecount="2" falsecount="0"/>
          <line num="81" count="18" type="stmt"/>
          <line num="85" count="28" type="stmt"/>
          <line num="89" count="28" type="stmt"/>
          <line num="90" count="28" type="stmt"/>
          <line num="91" count="28" type="stmt"/>
          <line num="92" count="28" type="stmt"/>
          <line num="95" count="28" type="cond" truecount="2" falsecount="0"/>
          <line num="96" count="12" type="stmt"/>
          <line num="98" count="28" type="cond" truecount="2" falsecount="0"/>
          <line num="99" count="16" type="stmt"/>
          <line num="101" count="28" type="cond" truecount="2" falsecount="0"/>
          <line num="102" count="16" type="stmt"/>
          <line num="104" count="28" type="cond" truecount="2" falsecount="0"/>
          <line num="105" count="11" type="stmt"/>
          <line num="109" count="28" type="cond" truecount="4" falsecount="0"/>
          <line num="113" count="18" type="cond" truecount="4" falsecount="0"/>
          <line num="114" count="10" type="stmt"/>
          <line num="119" count="18" type="cond" truecount="4" falsecount="0"/>
          <line num="120" count="8" type="stmt"/>
          <line num="126" count="20" type="stmt"/>
          <line num="128" count="47" type="cond" truecount="2" falsecount="0"/>
          <line num="129" count="11" type="stmt"/>
          <line num="130" count="36" type="cond" truecount="2" falsecount="0"/>
          <line num="131" count="32" type="stmt"/>
          <line num="137" count="19" type="stmt"/>
          <line num="139" count="48" type="cond" truecount="2" falsecount="0"/>
          <line num="140" count="9" type="stmt"/>
          <line num="141" count="39" type="cond" truecount="2" falsecount="0"/>
          <line num="142" count="32" type="stmt"/>
          <line num="148" count="20" type="stmt"/>
          <line num="150" count="74" type="cond" truecount="2" falsecount="0"/>
          <line num="151" count="2" type="stmt"/>
          <line num="152" count="72" type="cond" truecount="2" falsecount="0"/>
          <line num="153" count="60" type="stmt"/>
          <line num="159" count="19" type="stmt"/>
          <line num="161" count="67" type="cond" truecount="2" falsecount="0"/>
          <line num="162" count="4" type="stmt"/>
          <line num="163" count="63" type="cond" truecount="2" falsecount="0"/>
          <line num="164" count="57" type="stmt"/>
          <line num="170" count="28" type="cond" truecount="2" falsecount="0"/>
          <line num="171" count="20" type="stmt"/>
          <line num="175" count="28" type="cond" truecount="2" falsecount="0"/>
          <line num="176" count="18" type="stmt"/>
          <line num="180" count="28" type="cond" truecount="2" falsecount="0"/>
          <line num="181" count="20" type="stmt"/>
          <line num="185" count="28" type="cond" truecount="2" falsecount="0"/>
          <line num="186" count="18" type="stmt"/>
          <line num="204" count="28" type="cond" truecount="2" falsecount="0"/>
          <line num="205" count="27" type="stmt"/>
          <line num="207" count="1" type="cond" truecount="1" falsecount="1"/>
          <line num="208" count="0" type="stmt"/>
          <line num="209" count="0" type="stmt"/>
          <line num="210" count="1" type="cond" truecount="1" falsecount="1"/>
          <line num="211" count="1" type="stmt"/>
          <line num="212" count="1" type="stmt"/>
          <line num="214" count="1" type="cond" truecount="1" falsecount="1"/>
          <line num="215" count="1" type="stmt"/>
          <line num="219" count="0" type="stmt"/>
          <line num="220" count="0" type="stmt"/>
          <line num="228" count="29" type="cond" truecount="2" falsecount="0"/>
          <line num="229" count="28" type="stmt"/>
          <line num="231" count="1" type="stmt"/>
          <line num="236" count="23" type="cond" truecount="4" falsecount="0"/>
          <line num="240" count="20" type="stmt"/>
          <line num="247" count="23" type="cond" truecount="2" falsecount="0"/>
          <line num="251" count="23" type="stmt"/>
          <line num="257" count="825" type="stmt"/>
          <line num="263" count="825" type="stmt"/>
          <line num="267" count="849" type="stmt"/>
          <line num="268" count="3841" type="stmt"/>
          <line num="271" count="849" type="stmt"/>
          <line num="275" count="1702" type="cond" truecount="4" falsecount="0"/>
          <line num="277" count="23" type="stmt"/>
          <line num="279" count="825" type="stmt"/>
          <line num="281" count="825" type="stmt"/>
          <line num="283" count="29" type="stmt"/>
          <line num="288" count="3" type="stmt"/>
        </file>
        <file name="Player.js" path="/home/alexandra/uni/SEP/Ass1resit/battleship-cli/lib/Player.js">
          <metrics statements="93" coveredstatements="10" conditionals="58" coveredconditionals="0" methods="9" coveredmethods="1"/>
          <line num="1" count="3" type="stmt"/>
          <line num="2" count="3" type="stmt"/>
          <line num="7" count="3" type="stmt"/>
          <line num="12" count="3" type="stmt"/>
          <line num="20" count="3" type="stmt"/>
          <line num="24" count="3" type="stmt"/>
          <line num="25" count="3" type="stmt"/>
          <line num="26" count="3" type="stmt"/>
          <line num="27" count="3" type="stmt"/>
          <line num="31" count="0" type="stmt"/>
          <line num="32" count="0" type="stmt"/>
          <line num="33" count="0" type="stmt"/>
          <line num="34" count="0" type="stmt"/>
          <line num="35" count="0" type="stmt"/>
          <line num="39" count="0" type="stmt"/>
          <line num="40" count="0" type="stmt"/>
          <line num="42" count="0" type="cond" truecount="0" falsecount="4"/>
          <line num="45" count="0" type="stmt"/>
          <line num="46" count="0" type="cond" truecount="0" falsecount="2"/>
          <line num="50" count="0" type="cond" truecount="0" falsecount="2"/>
          <line num="53" count="0" type="stmt"/>
          <line num="54" count="0" type="stmt"/>
          <line num="55" count="0" type="stmt"/>
          <line num="60" count="0" type="stmt"/>
          <line num="61" count="0" type="cond" truecount="0" falsecount="2"/>
          <line num="62" count="0" type="stmt"/>
          <line num="63" count="0" type="cond" truecount="0" falsecount="2"/>
          <line num="64" count="0" type="stmt"/>
          <line num="65" count="0" type="stmt"/>
          <line num="66" count="0" type="cond" truecount="0" falsecount="2"/>
          <line num="67" count="0" type="cond" truecount="0" falsecount="2"/>
          <line num="71" count="0" type="cond" truecount="0" falsecount="2"/>
          <line num="83" count="0" type="stmt"/>
          <line num="84" count="0" type="stmt"/>
          <line num="88" count="0" type="cond" truecount="0" falsecount="2"/>
          <line num="89" count="0" type="stmt"/>
          <line num="92" count="0" type="cond" truecount="0" falsecount="2"/>
          <line num="93" count="0" type="stmt"/>
          <line num="96" count="0" type="cond" truecount="0" falsecount="2"/>
          <line num="97" count="0" type="stmt"/>
          <line num="100" count="0" type="stmt"/>
          <line num="101" count="0" type="cond" truecount="0" falsecount="5"/>
          <line num="102" count="0" type="stmt"/>
          <line num="106" count="0" type="stmt"/>
          <line num="117" count="0" type="stmt"/>
          <line num="119" count="0" type="cond" truecount="0" falsecount="2"/>
          <line num="120" count="0" type="cond" truecount="0" falsecount="2"/>
          <line num="121" count="0" type="stmt"/>
          <line num="123" count="0" type="stmt"/>
          <line num="127" count="0" type="stmt"/>
          <line num="128" count="0" type="stmt"/>
          <line num="129" count="0" type="stmt"/>
          <line num="130" count="0" type="stmt"/>
          <line num="132" count="0" type="cond" truecount="0" falsecount="7"/>
          <line num="135" count="0" type="stmt"/>
          <line num="136" count="0" type="cond" truecount="0" falsecount="2"/>
          <line num="137" count="0" type="stmt"/>
          <line num="138" count="0" type="stmt"/>
          <line num="140" count="0" type="stmt"/>
          <line num="143" count="0" type="stmt"/>
          <line num="146" count="0" type="stmt"/>
          <line num="147" count="0" type="stmt"/>
          <line num="148" count="0" type="cond" truecount="0" falsecount="2"/>
          <line num="149" count="0" type="stmt"/>
          <line num="150" count="0" type="stmt"/>
          <line num="152" count="0" type="stmt"/>
          <line num="155" count="0" type="stmt"/>
          <line num="159" count="0" type="stmt"/>
          <line num="160" count="0" type="cond" truecount="0" falsecount="4"/>
          <line num="161" count="0" type="stmt"/>
          <line num="162" count="0" type="stmt"/>
          <line num="164" count="0" type="stmt"/>
          <line num="167" count="0" type="stmt"/>
          <line num="169" count="0" type="stmt"/>
          <line num="170" count="0" type="stmt"/>
          <line num="171" count="0" type="cond" truecount="0" falsecount="4"/>
          <line num="172" count="0" type="stmt"/>
          <line num="173" count="0" type="stmt"/>
          <line num="175" count="0" type="stmt"/>
          <line num="178" count="0" type="stmt"/>
          <line num="183" count="0" type="stmt"/>
          <line num="184" count="0" type="cond" truecount="0" falsecount="2"/>
          <line num="185" count="0" type="stmt"/>
          <line num="187" count="0" type="stmt"/>
          <line num="188" count="0" type="stmt"/>
          <line num="192" count="0" type="stmt"/>
          <line num="194" count="0" type="cond" truecount="0" falsecount="2"/>
          <line num="195" count="0" type="stmt"/>
          <line num="197" count="0" type="stmt"/>
          <line num="202" count="0" type="stmt"/>
          <line num="203" count="0" type="cond" truecount="0" falsecount="2"/>
          <line num="204" count="0" type="stmt"/>
          <line num="210" count="3" type="stmt"/>
        </file>
        <file name="Ship.js" path="/home/alexandra/uni/SEP/Ass1resit/battleship-cli/lib/Ship.js">
          <metrics statements="11" coveredstatements="1" conditionals="2" coveredconditionals="0" methods="3" coveredmethods="0"/>
          <line num="3" count="0" type="stmt"/>
          <line num="4" count="0" type="stmt"/>
          <line num="5" count="0" type="stmt"/>
          <line num="6" count="0" type="stmt"/>
          <line num="7" count="0" type="stmt"/>
          <line num="8" count="0" type="stmt"/>
          <line num="12" count="0" type="stmt"/>
          <line num="13" count="0" type="stmt"/>
          <line num="17" count="0" type="cond" truecount="0" falsecount="2"/>
          <line num="18" count="0" type="stmt"/>
          <line num="24" count="3" type="stmt"/>
        </file>
      </package>
      <package name="utils">
        <metrics statements="40" coveredstatements="13" conditionals="18" coveredconditionals="8" methods="8" coveredmethods="3"/>
        <file name="helpers.js" path="/home/alexandra/uni/SEP/Ass1resit/battleship-cli/utils/helpers.js">
          <metrics statements="25" coveredstatements="3" conditionals="8" coveredconditionals="0" methods="3" coveredmethods="1"/>
          <line num="1" count="3" type="stmt"/>
          <line num="3" count="3" type="stmt"/>
          <line num="5" count="0" type="stmt"/>
          <line num="6" count="0" type="stmt"/>
          <line num="7" count="0" type="stmt"/>
          <line num="8" count="0" type="cond" truecount="0" falsecount="2"/>
          <line num="9" count="0" type="stmt"/>
          <line num="11" count="0" type="stmt"/>
          <line num="13" count="0" type="stmt"/>
          <line num="16" count="0" type="stmt"/>
          <line num="17" count="0" type="stmt"/>
          <line num="18" count="0" type="stmt"/>
          <line num="19" count="0" type="cond" truecount="0" falsecount="2"/>
          <line num="20" count="0" type="stmt"/>
          <line num="21" count="0" type="cond" truecount="0" falsecount="2"/>
          <line num="23" count="0" type="stmt"/>
          <line num="24" count="0" type="stmt"/>
          <line num="26" count="0" type="stmt"/>
          <line num="29" count="0" type="stmt"/>
          <line num="31" count="0" type="stmt"/>
          <line num="35" count="0" type="stmt"/>
          <line num="38" count="0" type="cond" truecount="0" falsecount="2"/>
          <line num="39" count="0" type="stmt"/>
          <line num="49" count="0" type="stmt"/>
          <line num="57" count="42" type="stmt"/>
        </file>
        <file name="keys.js" path="/home/alexandra/uni/SEP/Ass1resit/battleship-cli/utils/keys.js">
          <metrics statements="1" coveredstatements="1" conditionals="0" coveredconditionals="0" methods="0" coveredmethods="0"/>
          <line num="1" count="3" type="stmt"/>
        </file>
        <file name="messages.js" path="/home/alexandra/uni/SEP/Ass1resit/battleship-cli/utils/messages.js">
          <metrics statements="6" coveredstatements="3" conditionals="0" coveredconditionals="0" methods="3" coveredmethods="0"/>
          <line num="1" count="3" type="stmt"/>
          <line num="2" count="3" type="stmt"/>
          <line num="4" count="3" type="stmt"/>
          <line num="8" count="0" type="stmt"/>
          <line num="23" count="0" type="stmt"/>
          <line num="26" count="0" type="stmt"/>
        </file>
        <file name="validateCoords.js" path="/home/alexandra/uni/SEP/Ass1resit/battleship-cli/utils/validateCoords.js">
          <metrics statements="8" coveredstatements="6" conditionals="10" coveredconditionals="8" methods="2" coveredmethods="2"/>
          <line num="2" count="1436" type="stmt"/>
          <line num="9" count="1359" type="cond" truecount="1" falsecount="1"/>
          <line num="10" count="0" type="stmt"/>
          <line num="12" count="1359" type="stmt"/>
          <line num="13" count="1359" type="cond" truecount="7" falsecount="1"/>
          <line num="19" count="0" type="stmt"/>
          <line num="21" count="1359" type="stmt"/>
          <line num="24" count="3" type="stmt"/>
        </file>
      </package>
    </metrics>
  </project>
</coverage>
