{"/home/alexandra/uni/SEP/Ass1resit/battleship-cli/lib/Cpu.js": {"path":"/home/alexandra/uni/SEP/Ass1resit/battleship-cli/lib/Cpu.js","statementMap":{"0":{"start":{"line":1,"column":29},"end":{"line":1,"column":48}},"1":{"start":{"line":2,"column":29},"end":{"line":2,"column":53}},"2":{"start":{"line":3,"column":29},"end":{"line":3,"column":63}},"3":{"start":{"line":4,"column":29},"end":{"line":4,"column":57}},"4":{"start":{"line":8,"column":8},"end":{"line":8,"column":16}},"5":{"start":{"line":9,"column":8},"end":{"line":9,"column":23}},"6":{"start":{"line":10,"column":8},"end":{"line":10,"column":30}},"7":{"start":{"line":11,"column":8},"end":{"line":11,"column":36}},"8":{"start":{"line":12,"column":8},"end":{"line":12,"column":28}},"9":{"start":{"line":16,"column":22},"end":{"line":16,"column":80}},"10":{"start":{"line":17,"column":27},"end":{"line":17,"column":47}},"11":{"start":{"line":18,"column":20},"end":{"line":18,"column":21}},"12":{"start":{"line":19,"column":8},"end":{"line":25,"column":9}},"13":{"start":{"line":20,"column":25},"end":{"line":20,"column":41}},"14":{"start":{"line":21,"column":28},"end":{"line":21,"column":69}},"15":{"start":{"line":22,"column":12},"end":{"line":24,"column":13}},"16":{"start":{"line":23,"column":16},"end":{"line":23,"column":24}},"17":{"start":{"line":29,"column":8},"end":{"line":29,"column":108}},"18":{"start":{"line":36,"column":27},"end":{"line":36,"column":57}},"19":{"start":{"line":37,"column":21},"end":{"line":37,"column":35}},"20":{"start":{"line":38,"column":30},"end":{"line":38,"column":32}},"21":{"start":{"line":40,"column":8},"end":{"line":45,"column":9}},"22":{"start":{"line":41,"column":24},"end":{"line":41,"column":43}},"23":{"start":{"line":42,"column":12},"end":{"line":44,"column":13}},"24":{"start":{"line":43,"column":16},"end":{"line":43,"column":44}},"25":{"start":{"line":46,"column":8},"end":{"line":51,"column":9}},"26":{"start":{"line":47,"column":26},"end":{"line":47,"column":45}},"27":{"start":{"line":48,"column":12},"end":{"line":50,"column":13}},"28":{"start":{"line":49,"column":16},"end":{"line":49,"column":46}},"29":{"start":{"line":52,"column":8},"end":{"line":57,"column":9}},"30":{"start":{"line":53,"column":26},"end":{"line":53,"column":45}},"31":{"start":{"line":54,"column":12},"end":{"line":56,"column":13}},"32":{"start":{"line":55,"column":16},"end":{"line":55,"column":46}},"33":{"start":{"line":58,"column":8},"end":{"line":63,"column":9}},"34":{"start":{"line":59,"column":26},"end":{"line":59,"column":45}},"35":{"start":{"line":60,"column":12},"end":{"line":62,"column":13}},"36":{"start":{"line":61,"column":16},"end":{"line":61,"column":46}},"37":{"start":{"line":65,"column":8},"end":{"line":65,"column":43}},"38":{"start":{"line":69,"column":30},"end":{"line":69,"column":32}},"39":{"start":{"line":70,"column":19},"end":{"line":70,"column":33}},"40":{"start":{"line":71,"column":21},"end":{"line":71,"column":22}},"41":{"start":{"line":72,"column":21},"end":{"line":72,"column":22}},"42":{"start":{"line":73,"column":21},"end":{"line":73,"column":22}},"43":{"start":{"line":74,"column":21},"end":{"line":74,"column":22}},"44":{"start":{"line":75,"column":21},"end":{"line":75,"column":26}},"45":{"start":{"line":76,"column":21},"end":{"line":76,"column":26}},"46":{"start":{"line":77,"column":22},"end":{"line":77,"column":23}},"47":{"start":{"line":80,"column":8},"end":{"line":82,"column":9}},"48":{"start":{"line":81,"column":12},"end":{"line":81,"column":53}},"49":{"start":{"line":85,"column":27},"end":{"line":85,"column":57}},"50":{"start":{"line":89,"column":8},"end":{"line":89,"column":25}},"51":{"start":{"line":90,"column":8},"end":{"line":90,"column":25}},"52":{"start":{"line":91,"column":8},"end":{"line":91,"column":25}},"53":{"start":{"line":92,"column":8},"end":{"line":92,"column":25}},"54":{"start":{"line":95,"column":8},"end":{"line":97,"column":9}},"55":{"start":{"line":96,"column":12},"end":{"line":96,"column":23}},"56":{"start":{"line":98,"column":8},"end":{"line":100,"column":9}},"57":{"start":{"line":99,"column":12},"end":{"line":99,"column":36}},"58":{"start":{"line":101,"column":8},"end":{"line":103,"column":9}},"59":{"start":{"line":102,"column":12},"end":{"line":102,"column":23}},"60":{"start":{"line":104,"column":8},"end":{"line":106,"column":9}},"61":{"start":{"line":105,"column":12},"end":{"line":105,"column":36}},"62":{"start":{"line":109,"column":8},"end":{"line":122,"column":9}},"63":{"start":{"line":113,"column":12},"end":{"line":115,"column":13}},"64":{"start":{"line":114,"column":16},"end":{"line":114,"column":30}},"65":{"start":{"line":119,"column":12},"end":{"line":121,"column":13}},"66":{"start":{"line":120,"column":16},"end":{"line":120,"column":30}},"67":{"start":{"line":126,"column":12},"end":{"line":133,"column":13}},"68":{"start":{"line":128,"column":16},"end":{"line":132,"column":17}},"69":{"start":{"line":129,"column":20},"end":{"line":129,"column":26}},"70":{"start":{"line":130,"column":23},"end":{"line":132,"column":17}},"71":{"start":{"line":131,"column":20},"end":{"line":131,"column":59}},"72":{"start":{"line":137,"column":12},"end":{"line":144,"column":13}},"73":{"start":{"line":139,"column":16},"end":{"line":143,"column":17}},"74":{"start":{"line":140,"column":20},"end":{"line":140,"column":26}},"75":{"start":{"line":141,"column":23},"end":{"line":143,"column":17}},"76":{"start":{"line":142,"column":20},"end":{"line":142,"column":59}},"77":{"start":{"line":148,"column":12},"end":{"line":155,"column":13}},"78":{"start":{"line":150,"column":16},"end":{"line":154,"column":17}},"79":{"start":{"line":151,"column":20},"end":{"line":151,"column":26}},"80":{"start":{"line":152,"column":23},"end":{"line":154,"column":17}},"81":{"start":{"line":153,"column":20},"end":{"line":153,"column":59}},"82":{"start":{"line":159,"column":12},"end":{"line":166,"column":13}},"83":{"start":{"line":161,"column":16},"end":{"line":165,"column":17}},"84":{"start":{"line":162,"column":20},"end":{"line":162,"column":26}},"85":{"start":{"line":163,"column":23},"end":{"line":165,"column":17}},"86":{"start":{"line":164,"column":20},"end":{"line":164,"column":59}},"87":{"start":{"line":170,"column":8},"end":{"line":172,"column":9}},"88":{"start":{"line":171,"column":12},"end":{"line":171,"column":30}},"89":{"start":{"line":175,"column":8},"end":{"line":177,"column":9}},"90":{"start":{"line":176,"column":12},"end":{"line":176,"column":28}},"91":{"start":{"line":180,"column":8},"end":{"line":182,"column":9}},"92":{"start":{"line":181,"column":12},"end":{"line":181,"column":31}},"93":{"start":{"line":185,"column":8},"end":{"line":187,"column":9}},"94":{"start":{"line":186,"column":12},"end":{"line":186,"column":30}},"95":{"start":{"line":204,"column":8},"end":{"line":222,"column":9}},"96":{"start":{"line":205,"column":12},"end":{"line":205,"column":38}},"97":{"start":{"line":207,"column":12},"end":{"line":213,"column":13}},"98":{"start":{"line":208,"column":16},"end":{"line":208,"column":34}},"99":{"start":{"line":209,"column":16},"end":{"line":209,"column":35}},"100":{"start":{"line":210,"column":19},"end":{"line":213,"column":13}},"101":{"start":{"line":211,"column":16},"end":{"line":211,"column":32}},"102":{"start":{"line":212,"column":16},"end":{"line":212,"column":34}},"103":{"start":{"line":214,"column":12},"end":{"line":221,"column":13}},"104":{"start":{"line":215,"column":16},"end":{"line":215,"column":42}},"105":{"start":{"line":219,"column":16},"end":{"line":219,"column":42}},"106":{"start":{"line":220,"column":16},"end":{"line":220,"column":60}},"107":{"start":{"line":228,"column":8},"end":{"line":232,"column":9}},"108":{"start":{"line":229,"column":12},"end":{"line":229,"column":36}},"109":{"start":{"line":231,"column":12},"end":{"line":231,"column":56}},"110":{"start":{"line":236,"column":8},"end":{"line":241,"column":9}},"111":{"start":{"line":240,"column":12},"end":{"line":240,"column":30}},"112":{"start":{"line":247,"column":20},"end":{"line":247,"column":87}},"113":{"start":{"line":251,"column":8},"end":{"line":251,"column":41}},"114":{"start":{"line":257,"column":8},"end":{"line":257,"column":52}},"115":{"start":{"line":263,"column":8},"end":{"line":263,"column":32}},"116":{"start":{"line":267,"column":8},"end":{"line":269,"column":9}},"117":{"start":{"line":268,"column":12},"end":{"line":268,"column":37}},"118":{"start":{"line":271,"column":8},"end":{"line":271,"column":21}},"119":{"start":{"line":275,"column":8},"end":{"line":284,"column":9}},"120":{"start":{"line":277,"column":16},"end":{"line":277,"column":40}},"121":{"start":{"line":279,"column":16},"end":{"line":279,"column":38}},"122":{"start":{"line":281,"column":16},"end":{"line":281,"column":43}},"123":{"start":{"line":283,"column":16},"end":{"line":283,"column":38}},"124":{"start":{"line":288,"column":0},"end":{"line":288,"column":21}}},"fnMap":{"0":{"name":"(anonymous_0)","decl":{"start":{"line":7,"column":4},"end":{"line":7,"column":5}},"loc":{"start":{"line":7,"column":18},"end":{"line":13,"column":5}},"line":7},"1":{"name":"(anonymous_1)","decl":{"start":{"line":15,"column":4},"end":{"line":15,"column":5}},"loc":{"start":{"line":15,"column":29},"end":{"line":26,"column":5}},"line":15},"2":{"name":"(anonymous_2)","decl":{"start":{"line":28,"column":4},"end":{"line":28,"column":5}},"loc":{"start":{"line":28,"column":16},"end":{"line":30,"column":5}},"line":28},"3":{"name":"(anonymous_3)","decl":{"start":{"line":32,"column":4},"end":{"line":32,"column":5}},"loc":{"start":{"line":32,"column":17},"end":{"line":66,"column":5}},"line":32},"4":{"name":"(anonymous_4)","decl":{"start":{"line":68,"column":4},"end":{"line":68,"column":5}},"loc":{"start":{"line":68,"column":16},"end":{"line":223,"column":5}},"line":68},"5":{"name":"goLeft","decl":{"start":{"line":125,"column":17},"end":{"line":125,"column":23}},"loc":{"start":{"line":125,"column":26},"end":{"line":134,"column":9}},"line":125},"6":{"name":"goUp","decl":{"start":{"line":136,"column":17},"end":{"line":136,"column":21}},"loc":{"start":{"line":136,"column":24},"end":{"line":145,"column":9}},"line":136},"7":{"name":"goRight","decl":{"start":{"line":147,"column":17},"end":{"line":147,"column":24}},"loc":{"start":{"line":147,"column":27},"end":{"line":156,"column":9}},"line":147},"8":{"name":"goDown","decl":{"start":{"line":158,"column":17},"end":{"line":158,"column":23}},"loc":{"start":{"line":158,"column":26},"end":{"line":167,"column":9}},"line":158},"9":{"name":"(anonymous_9)","decl":{"start":{"line":225,"column":4},"end":{"line":225,"column":5}},"loc":{"start":{"line":225,"column":14},"end":{"line":233,"column":5}},"line":225},"10":{"name":"(anonymous_10)","decl":{"start":{"line":235,"column":4},"end":{"line":235,"column":5}},"loc":{"start":{"line":235,"column":16},"end":{"line":252,"column":5}},"line":235},"11":{"name":"(anonymous_11)","decl":{"start":{"line":254,"column":4},"end":{"line":254,"column":5}},"loc":{"start":{"line":254,"column":14},"end":{"line":258,"column":5}},"line":254},"12":{"name":"(anonymous_12)","decl":{"start":{"line":260,"column":4},"end":{"line":260,"column":5}},"loc":{"start":{"line":260,"column":19},"end":{"line":264,"column":5}},"line":260},"13":{"name":"(anonymous_13)","decl":{"start":{"line":266,"column":4},"end":{"line":266,"column":5}},"loc":{"start":{"line":266,"column":25},"end":{"line":272,"column":5}},"line":266},"14":{"name":"(anonymous_14)","decl":{"start":{"line":274,"column":4},"end":{"line":274,"column":5}},"loc":{"start":{"line":274,"column":20},"end":{"line":285,"column":5}},"line":274}},"branchMap":{"0":{"loc":{"start":{"line":22,"column":12},"end":{"line":24,"column":13}},"type":"if","locations":[{"start":{"line":22,"column":12},"end":{"line":24,"column":13}},{"start":{"line":22,"column":12},"end":{"line":24,"column":13}}],"line":22},"1":{"loc":{"start":{"line":40,"column":8},"end":{"line":45,"column":9}},"type":"if","locations":[{"start":{"line":40,"column":8},"end":{"line":45,"column":9}},{"start":{"line":40,"column":8},"end":{"line":45,"column":9}}],"line":40},"2":{"loc":{"start":{"line":42,"column":12},"end":{"line":44,"column":13}},"type":"if","locations":[{"start":{"line":42,"column":12},"end":{"line":44,"column":13}},{"start":{"line":42,"column":12},"end":{"line":44,"column":13}}],"line":42},"3":{"loc":{"start":{"line":46,"column":8},"end":{"line":51,"column":9}},"type":"if","locations":[{"start":{"line":46,"column":8},"end":{"line":51,"column":9}},{"start":{"line":46,"column":8},"end":{"line":51,"column":9}}],"line":46},"4":{"loc":{"start":{"line":48,"column":12},"end":{"line":50,"column":13}},"type":"if","locations":[{"start":{"line":48,"column":12},"end":{"line":50,"column":13}},{"start":{"line":48,"column":12},"end":{"line":50,"column":13}}],"line":48},"5":{"loc":{"start":{"line":52,"column":8},"end":{"line":57,"column":9}},"type":"if","locations":[{"start":{"line":52,"column":8},"end":{"line":57,"column":9}},{"start":{"line":52,"column":8},"end":{"line":57,"column":9}}],"line":52},"6":{"loc":{"start":{"line":54,"column":12},"end":{"line":56,"column":13}},"type":"if","locations":[{"start":{"line":54,"column":12},"end":{"line":56,"column":13}},{"start":{"line":54,"column":12},"end":{"line":56,"column":13}}],"line":54},"7":{"loc":{"start":{"line":58,"column":8},"end":{"line":63,"column":9}},"type":"if","locations":[{"start":{"line":58,"column":8},"end":{"line":63,"column":9}},{"start":{"line":58,"column":8},"end":{"line":63,"column":9}}],"line":58},"8":{"loc":{"start":{"line":60,"column":12},"end":{"line":62,"column":13}},"type":"if","locations":[{"start":{"line":60,"column":12},"end":{"line":62,"column":13}},{"start":{"line":60,"column":12},"end":{"line":62,"column":13}}],"line":60},"9":{"loc":{"start":{"line":80,"column":8},"end":{"line":82,"column":9}},"type":"if","locations":[{"start":{"line":80,"column":8},"end":{"line":82,"column":9}},{"start":{"line":80,"column":8},"end":{"line":82,"column":9}}],"line":80},"10":{"loc":{"start":{"line":95,"column":8},"end":{"line":97,"column":9}},"type":"if","locations":[{"start":{"line":95,"column":8},"end":{"line":97,"column":9}},{"start":{"line":95,"column":8},"end":{"line":97,"column":9}}],"line":95},"11":{"loc":{"start":{"line":98,"column":8},"end":{"line":100,"column":9}},"type":"if","locations":[{"start":{"line":98,"column":8},"end":{"line":100,"column":9}},{"start":{"line":98,"column":8},"end":{"line":100,"column":9}}],"line":98},"12":{"loc":{"start":{"line":101,"column":8},"end":{"line":103,"column":9}},"type":"if","locations":[{"start":{"line":101,"column":8},"end":{"line":103,"column":9}},{"start":{"line":101,"column":8},"end":{"line":103,"column":9}}],"line":101},"13":{"loc":{"start":{"line":104,"column":8},"end":{"line":106,"column":9}},"type":"if","locations":[{"start":{"line":104,"column":8},"end":{"line":106,"column":9}},{"start":{"line":104,"column":8},"end":{"line":106,"column":9}}],"line":104},"14":{"loc":{"start":{"line":109,"column":8},"end":{"line":122,"column":9}},"type":"if","locations":[{"start":{"line":109,"column":8},"end":{"line":122,"column":9}},{"start":{"line":109,"column":8},"end":{"line":122,"column":9}}],"line":109},"15":{"loc":{"start":{"line":109,"column":12},"end":{"line":109,"column":38}},"type":"binary-expr","locations":[{"start":{"line":109,"column":12},"end":{"line":109,"column":23}},{"start":{"line":109,"column":27},"end":{"line":109,"column":38}}],"line":109},"16":{"loc":{"start":{"line":113,"column":12},"end":{"line":115,"column":13}},"type":"if","locations":[{"start":{"line":113,"column":12},"end":{"line":115,"column":13}},{"start":{"line":113,"column":12},"end":{"line":115,"column":13}}],"line":113},"17":{"loc":{"start":{"line":113,"column":16},"end":{"line":113,"column":71}},"type":"binary-expr","locations":[{"start":{"line":113,"column":16},"end":{"line":113,"column":35}},{"start":{"line":113,"column":39},"end":{"line":113,"column":71}}],"line":113},"18":{"loc":{"start":{"line":119,"column":12},"end":{"line":121,"column":13}},"type":"if","locations":[{"start":{"line":119,"column":12},"end":{"line":121,"column":13}},{"start":{"line":119,"column":12},"end":{"line":121,"column":13}}],"line":119},"19":{"loc":{"start":{"line":119,"column":16},"end":{"line":119,"column":71}},"type":"binary-expr","locations":[{"start":{"line":119,"column":16},"end":{"line":119,"column":35}},{"start":{"line":119,"column":39},"end":{"line":119,"column":71}}],"line":119},"20":{"loc":{"start":{"line":128,"column":16},"end":{"line":132,"column":17}},"type":"if","locations":[{"start":{"line":128,"column":16},"end":{"line":132,"column":17}},{"start":{"line":128,"column":16},"end":{"line":132,"column":17}}],"line":128},"21":{"loc":{"start":{"line":130,"column":23},"end":{"line":132,"column":17}},"type":"if","locations":[{"start":{"line":130,"column":23},"end":{"line":132,"column":17}},{"start":{"line":130,"column":23},"end":{"line":132,"column":17}}],"line":130},"22":{"loc":{"start":{"line":139,"column":16},"end":{"line":143,"column":17}},"type":"if","locations":[{"start":{"line":139,"column":16},"end":{"line":143,"column":17}},{"start":{"line":139,"column":16},"end":{"line":143,"column":17}}],"line":139},"23":{"loc":{"start":{"line":141,"column":23},"end":{"line":143,"column":17}},"type":"if","locations":[{"start":{"line":141,"column":23},"end":{"line":143,"column":17}},{"start":{"line":141,"column":23},"end":{"line":143,"column":17}}],"line":141},"24":{"loc":{"start":{"line":150,"column":16},"end":{"line":154,"column":17}},"type":"if","locations":[{"start":{"line":150,"column":16},"end":{"line":154,"column":17}},{"start":{"line":150,"column":16},"end":{"line":154,"column":17}}],"line":150},"25":{"loc":{"start":{"line":152,"column":23},"end":{"line":154,"column":17}},"type":"if","locations":[{"start":{"line":152,"column":23},"end":{"line":154,"column":17}},{"start":{"line":152,"column":23},"end":{"line":154,"column":17}}],"line":152},"26":{"loc":{"start":{"line":161,"column":16},"end":{"line":165,"column":17}},"type":"if","locations":[{"start":{"line":161,"column":16},"end":{"line":165,"column":17}},{"start":{"line":161,"column":16},"end":{"line":165,"column":17}}],"line":161},"27":{"loc":{"start":{"line":163,"column":23},"end":{"line":165,"column":17}},"type":"if","locations":[{"start":{"line":163,"column":23},"end":{"line":165,"column":17}},{"start":{"line":163,"column":23},"end":{"line":165,"column":17}}],"line":163},"28":{"loc":{"start":{"line":170,"column":8},"end":{"line":172,"column":9}},"type":"if","locations":[{"start":{"line":170,"column":8},"end":{"line":172,"column":9}},{"start":{"line":170,"column":8},"end":{"line":172,"column":9}}],"line":170},"29":{"loc":{"start":{"line":175,"column":8},"end":{"line":177,"column":9}},"type":"if","locations":[{"start":{"line":175,"column":8},"end":{"line":177,"column":9}},{"start":{"line":175,"column":8},"end":{"line":177,"column":9}}],"line":175},"30":{"loc":{"start":{"line":180,"column":8},"end":{"line":182,"column":9}},"type":"if","locations":[{"start":{"line":180,"column":8},"end":{"line":182,"column":9}},{"start":{"line":180,"column":8},"end":{"line":182,"column":9}}],"line":180},"31":{"loc":{"start":{"line":185,"column":8},"end":{"line":187,"column":9}},"type":"if","locations":[{"start":{"line":185,"column":8},"end":{"line":187,"column":9}},{"start":{"line":185,"column":8},"end":{"line":187,"column":9}}],"line":185},"32":{"loc":{"start":{"line":204,"column":8},"end":{"line":222,"column":9}},"type":"if","locations":[{"start":{"line":204,"column":8},"end":{"line":222,"column":9}},{"start":{"line":204,"column":8},"end":{"line":222,"column":9}}],"line":204},"33":{"loc":{"start":{"line":207,"column":12},"end":{"line":213,"column":13}},"type":"if","locations":[{"start":{"line":207,"column":12},"end":{"line":213,"column":13}},{"start":{"line":207,"column":12},"end":{"line":213,"column":13}}],"line":207},"34":{"loc":{"start":{"line":210,"column":19},"end":{"line":213,"column":13}},"type":"if","locations":[{"start":{"line":210,"column":19},"end":{"line":213,"column":13}},{"start":{"line":210,"column":19},"end":{"line":213,"column":13}}],"line":210},"35":{"loc":{"start":{"line":214,"column":12},"end":{"line":221,"column":13}},"type":"if","locations":[{"start":{"line":214,"column":12},"end":{"line":221,"column":13}},{"start":{"line":214,"column":12},"end":{"line":221,"column":13}}],"line":214},"36":{"loc":{"start":{"line":228,"column":8},"end":{"line":232,"column":9}},"type":"if","locations":[{"start":{"line":228,"column":8},"end":{"line":232,"column":9}},{"start":{"line":228,"column":8},"end":{"line":232,"column":9}}],"line":228},"37":{"loc":{"start":{"line":236,"column":8},"end":{"line":241,"column":9}},"type":"if","locations":[{"start":{"line":236,"column":8},"end":{"line":241,"column":9}},{"start":{"line":236,"column":8},"end":{"line":241,"column":9}}],"line":236},"38":{"loc":{"start":{"line":236,"column":12},"end":{"line":236,"column":57}},"type":"binary-expr","locations":[{"start":{"line":236,"column":12},"end":{"line":236,"column":24}},{"start":{"line":236,"column":28},"end":{"line":236,"column":57}}],"line":236},"39":{"loc":{"start":{"line":247,"column":20},"end":{"line":247,"column":87}},"type":"cond-expr","locations":[{"start":{"line":247,"column":46},"end":{"line":247,"column":68}},{"start":{"line":247,"column":71},"end":{"line":247,"column":87}}],"line":247},"40":{"loc":{"start":{"line":275,"column":8},"end":{"line":284,"column":9}},"type":"switch","locations":[{"start":{"line":276,"column":12},"end":{"line":277,"column":40}},{"start":{"line":278,"column":12},"end":{"line":279,"column":38}},{"start":{"line":280,"column":12},"end":{"line":281,"column":43}},{"start":{"line":282,"column":12},"end":{"line":283,"column":38}}],"line":275}},"s":{"0":3,"1":3,"2":3,"3":3,"4":3,"5":3,"6":3,"7":3,"8":3,"9":0,"10":0,"11":0,"12":0,"13":0,"14":0,"15":0,"16":0,"17":5496,"18":31,"19":31,"20":31,"21":31,"22":30,"23":30,"24":21,"25":31,"26":30,"27":30,"28":27,"29":31,"30":30,"31":30,"32":18,"33":31,"34":29,"35":29,"36":14,"37":31,"38":28,"39":28,"40":28,"41":28,"42":28,"43":28,"44":28,"45":28,"46":28,"47":28,"48":18,"49":28,"50":28,"51":28,"52":28,"53":28,"54":28,"55":12,"56":28,"57":16,"58":28,"59":16,"60":28,"61":11,"62":28,"63":18,"64":10,"65":18,"66":8,"67":20,"68":47,"69":11,"70":36,"71":32,"72":19,"73":48,"74":9,"75":39,"76":32,"77":20,"78":74,"79":2,"80":72,"81":60,"82":19,"83":67,"84":4,"85":63,"86":57,"87":28,"88":20,"89":28,"90":18,"91":28,"92":20,"93":28,"94":18,"95":28,"96":27,"97":1,"98":0,"99":0,"100":1,"101":1,"102":1,"103":1,"104":1,"105":0,"106":0,"107":29,"108":28,"109":1,"110":23,"111":20,"112":23,"113":23,"114":825,"115":825,"116":849,"117":3841,"118":849,"119":1702,"120":23,"121":825,"122":825,"123":29,"124":3},"f":{"0":3,"1":0,"2":5496,"3":31,"4":28,"5":20,"6":19,"7":20,"8":19,"9":29,"10":23,"11":825,"12":825,"13":849,"14":1702},"b":{"0":[0,0],"1":[30,1],"2":[21,9],"3":[30,1],"4":[27,3],"5":[30,1],"6":[18,12],"7":[29,2],"8":[14,15],"9":[18,10],"10":[12,16],"11":[16,12],"12":[16,12],"13":[11,17],"14":[18,10],"15":[28,10],"16":[10,8],"17":[18,10],"18":[8,10],"19":[18,8],"20":[11,36],"21":[32,4],"22":[9,39],"23":[32,7],"24":[2,72],"25":[60,12],"26":[4,63],"27":[57,6],"28":[20,8],"29":[18,10],"30":[20,8],"31":[18,10],"32":[27,1],"33":[0,1],"34":[1,0],"35":[1,0],"36":[28,1],"37":[20,3],"38":[23,20],"39":[19,4],"40":[23,825,825,29]},"_coverageSchema":"332fd63041d2c1bcb487cc26dd0d5f7d97098a6c","hash":"5bf796e31516532282d55c81bf1301fe005305b8"}
,"/home/alexandra/uni/SEP/Ass1resit/battleship-cli/lib/Player.js": {"path":"/home/alexandra/uni/SEP/Ass1resit/battleship-cli/lib/Player.js","statementMap":{"0":{"start":{"line":1,"column":14},"end":{"line":1,"column":31}},"1":{"start":{"line":2,"column":14},"end":{"line":2,"column":30}},"2":{"start":{"line":7,"column":4},"end":{"line":7,"column":38}},"3":{"start":{"line":12,"column":4},"end":{"line":12,"column":28}},"4":{"start":{"line":20,"column":4},"end":{"line":20,"column":32}},"5":{"start":{"line":24,"column":8},"end":{"line":24,"column":29}},"6":{"start":{"line":25,"column":8},"end":{"line":25,"column":34}},"7":{"start":{"line":26,"column":8},"end":{"line":26,"column":30}},"8":{"start":{"line":27,"column":8},"end":{"line":27,"column":24}},"9":{"start":{"line":31,"column":8},"end":{"line":31,"column":55}},"10":{"start":{"line":32,"column":8},"end":{"line":32,"column":57}},"11":{"start":{"line":33,"column":8},"end":{"line":33,"column":58}},"12":{"start":{"line":34,"column":8},"end":{"line":34,"column":57}},"13":{"start":{"line":35,"column":8},"end":{"line":35,"column":55}},"14":{"start":{"line":39,"column":29},"end":{"line":39,"column":53}},"15":{"start":{"line":40,"column":31},"end":{"line":40,"column":58}},"16":{"start":{"line":42,"column":8},"end":{"line":56,"column":9}},"17":{"start":{"line":45,"column":16},"end":{"line":45,"column":69}},"18":{"start":{"line":46,"column":16},"end":{"line":46,"column":80}},"19":{"start":{"line":50,"column":16},"end":{"line":50,"column":86}},"20":{"start":{"line":53,"column":16},"end":{"line":53,"column":69}},"21":{"start":{"line":54,"column":28},"end":{"line":54,"column":75}},"22":{"start":{"line":55,"column":16},"end":{"line":55,"column":54}},"23":{"start":{"line":60,"column":8},"end":{"line":78,"column":9}},"24":{"start":{"line":61,"column":12},"end":{"line":77,"column":13}},"25":{"start":{"line":62,"column":16},"end":{"line":76,"column":17}},"26":{"start":{"line":63,"column":20},"end":{"line":75,"column":21}},"27":{"start":{"line":64,"column":24},"end":{"line":64,"column":45}},"28":{"start":{"line":65,"column":37},"end":{"line":65,"column":81}},"29":{"start":{"line":66,"column":24},"end":{"line":74,"column":25}},"30":{"start":{"line":67,"column":28},"end":{"line":69,"column":74}},"31":{"start":{"line":71,"column":28},"end":{"line":73,"column":77}},"32":{"start":{"line":83,"column":8},"end":{"line":83,"column":46}},"33":{"start":{"line":84,"column":8},"end":{"line":84,"column":44}},"34":{"start":{"line":88,"column":8},"end":{"line":90,"column":9}},"35":{"start":{"line":89,"column":12},"end":{"line":89,"column":61}},"36":{"start":{"line":92,"column":8},"end":{"line":94,"column":9}},"37":{"start":{"line":93,"column":12},"end":{"line":93,"column":69}},"38":{"start":{"line":96,"column":8},"end":{"line":98,"column":9}},"39":{"start":{"line":97,"column":12},"end":{"line":97,"column":66}},"40":{"start":{"line":100,"column":8},"end":{"line":104,"column":9}},"41":{"start":{"line":101,"column":12},"end":{"line":103,"column":13}},"42":{"start":{"line":102,"column":16},"end":{"line":102,"column":79}},"43":{"start":{"line":106,"column":8},"end":{"line":106,"column":33}},"44":{"start":{"line":117,"column":26},"end":{"line":117,"column":75}},"45":{"start":{"line":119,"column":8},"end":{"line":125,"column":9}},"46":{"start":{"line":120,"column":12},"end":{"line":124,"column":13}},"47":{"start":{"line":121,"column":16},"end":{"line":121,"column":29}},"48":{"start":{"line":123,"column":16},"end":{"line":123,"column":43}},"49":{"start":{"line":127,"column":23},"end":{"line":127,"column":42}},"50":{"start":{"line":128,"column":23},"end":{"line":128,"column":50}},"51":{"start":{"line":129,"column":27},"end":{"line":129,"column":51}},"52":{"start":{"line":130,"column":33},"end":{"line":130,"column":74}},"53":{"start":{"line":132,"column":8},"end":{"line":180,"column":9}},"54":{"start":{"line":135,"column":16},"end":{"line":142,"column":17}},"55":{"start":{"line":136,"column":20},"end":{"line":141,"column":21}},"56":{"start":{"line":137,"column":24},"end":{"line":137,"column":59}},"57":{"start":{"line":138,"column":24},"end":{"line":138,"column":35}},"58":{"start":{"line":140,"column":24},"end":{"line":140,"column":48}},"59":{"start":{"line":143,"column":16},"end":{"line":143,"column":22}},"60":{"start":{"line":146,"column":24},"end":{"line":146,"column":25}},"61":{"start":{"line":147,"column":16},"end":{"line":154,"column":17}},"62":{"start":{"line":148,"column":20},"end":{"line":153,"column":21}},"63":{"start":{"line":149,"column":24},"end":{"line":149,"column":59}},"64":{"start":{"line":150,"column":24},"end":{"line":150,"column":28}},"65":{"start":{"line":152,"column":24},"end":{"line":152,"column":48}},"66":{"start":{"line":155,"column":16},"end":{"line":155,"column":22}},"67":{"start":{"line":159,"column":16},"end":{"line":166,"column":17}},"68":{"start":{"line":160,"column":20},"end":{"line":165,"column":21}},"69":{"start":{"line":161,"column":24},"end":{"line":161,"column":59}},"70":{"start":{"line":162,"column":24},"end":{"line":162,"column":35}},"71":{"start":{"line":164,"column":24},"end":{"line":164,"column":48}},"72":{"start":{"line":167,"column":16},"end":{"line":167,"column":22}},"73":{"start":{"line":169,"column":24},"end":{"line":169,"column":25}},"74":{"start":{"line":170,"column":16},"end":{"line":177,"column":17}},"75":{"start":{"line":171,"column":20},"end":{"line":176,"column":21}},"76":{"start":{"line":172,"column":24},"end":{"line":172,"column":59}},"77":{"start":{"line":173,"column":24},"end":{"line":173,"column":28}},"78":{"start":{"line":175,"column":24},"end":{"line":175,"column":48}},"79":{"start":{"line":178,"column":16},"end":{"line":178,"column":22}},"80":{"start":{"line":183,"column":12},"end":{"line":183,"column":45}},"81":{"start":{"line":184,"column":12},"end":{"line":189,"column":13}},"82":{"start":{"line":185,"column":16},"end":{"line":185,"column":29}},"83":{"start":{"line":187,"column":32},"end":{"line":187,"column":56}},"84":{"start":{"line":188,"column":16},"end":{"line":188,"column":53}},"85":{"start":{"line":192,"column":8},"end":{"line":192,"column":39}},"86":{"start":{"line":194,"column":8},"end":{"line":198,"column":9}},"87":{"start":{"line":195,"column":12},"end":{"line":195,"column":24}},"88":{"start":{"line":197,"column":12},"end":{"line":197,"column":19}},"89":{"start":{"line":202,"column":8},"end":{"line":206,"column":9}},"90":{"start":{"line":203,"column":11},"end":{"line":205,"column":12}},"91":{"start":{"line":204,"column":15},"end":{"line":204,"column":34}},"92":{"start":{"line":210,"column":0},"end":{"line":210,"column":24}}},"fnMap":{"0":{"name":"(anonymous_0)","decl":{"start":{"line":23,"column":4},"end":{"line":23,"column":5}},"loc":{"start":{"line":23,"column":18},"end":{"line":28,"column":5}},"line":23},"1":{"name":"(anonymous_1)","decl":{"start":{"line":30,"column":4},"end":{"line":30,"column":5}},"loc":{"start":{"line":30,"column":20},"end":{"line":36,"column":5}},"line":30},"2":{"name":"(anonymous_2)","decl":{"start":{"line":38,"column":4},"end":{"line":38,"column":5}},"loc":{"start":{"line":38,"column":39},"end":{"line":57,"column":5}},"line":38},"3":{"name":"(anonymous_3)","decl":{"start":{"line":59,"column":4},"end":{"line":59,"column":5}},"loc":{"start":{"line":59,"column":34},"end":{"line":79,"column":5}},"line":59},"4":{"name":"(anonymous_4)","decl":{"start":{"line":81,"column":4},"end":{"line":81,"column":5}},"loc":{"start":{"line":81,"column":52},"end":{"line":85,"column":5}},"line":81},"5":{"name":"(anonymous_5)","decl":{"start":{"line":87,"column":4},"end":{"line":87,"column":5}},"loc":{"start":{"line":87,"column":49},"end":{"line":107,"column":5}},"line":87},"6":{"name":"(anonymous_6)","decl":{"start":{"line":116,"column":4},"end":{"line":116,"column":5}},"loc":{"start":{"line":116,"column":48},"end":{"line":199,"column":5}},"line":116},"7":{"name":"fail","decl":{"start":{"line":182,"column":17},"end":{"line":182,"column":21}},"loc":{"start":{"line":182,"column":24},"end":{"line":190,"column":9}},"line":182},"8":{"name":"(anonymous_8)","decl":{"start":{"line":201,"column":4},"end":{"line":201,"column":5}},"loc":{"start":{"line":201,"column":30},"end":{"line":207,"column":5}},"line":201}},"branchMap":{"0":{"loc":{"start":{"line":42,"column":8},"end":{"line":56,"column":9}},"type":"switch","locations":[{"start":{"line":44,"column":12},"end":{"line":46,"column":80}},{"start":{"line":48,"column":12},"end":{"line":48,"column":23}},{"start":{"line":49,"column":12},"end":{"line":50,"column":86}},{"start":{"line":52,"column":12},"end":{"line":55,"column":54}}],"line":42},"1":{"loc":{"start":{"line":46,"column":50},"end":{"line":46,"column":78}},"type":"cond-expr","locations":[{"start":{"line":46,"column":56},"end":{"line":46,"column":66}},{"start":{"line":46,"column":69},"end":{"line":46,"column":78}}],"line":46},"2":{"loc":{"start":{"line":50,"column":50},"end":{"line":50,"column":84}},"type":"cond-expr","locations":[{"start":{"line":50,"column":56},"end":{"line":50,"column":69}},{"start":{"line":50,"column":72},"end":{"line":50,"column":84}}],"line":50},"3":{"loc":{"start":{"line":61,"column":12},"end":{"line":77,"column":13}},"type":"if","locations":[{"start":{"line":61,"column":12},"end":{"line":77,"column":13}},{"start":{"line":61,"column":12},"end":{"line":77,"column":13}}],"line":61},"4":{"loc":{"start":{"line":63,"column":20},"end":{"line":75,"column":21}},"type":"if","locations":[{"start":{"line":63,"column":20},"end":{"line":75,"column":21}},{"start":{"line":63,"column":20},"end":{"line":75,"column":21}}],"line":63},"5":{"loc":{"start":{"line":66,"column":24},"end":{"line":74,"column":25}},"type":"if","locations":[{"start":{"line":66,"column":24},"end":{"line":74,"column":25}},{"start":{"line":66,"column":24},"end":{"line":74,"column":25}}],"line":66},"6":{"loc":{"start":{"line":67,"column":35},"end":{"line":69,"column":73}},"type":"cond-expr","locations":[{"start":{"line":68,"column":34},"end":{"line":68,"column":74}},{"start":{"line":69,"column":34},"end":{"line":69,"column":73}}],"line":67},"7":{"loc":{"start":{"line":71,"column":35},"end":{"line":73,"column":76}},"type":"cond-expr","locations":[{"start":{"line":72,"column":34},"end":{"line":72,"column":57}},{"start":{"line":73,"column":34},"end":{"line":73,"column":76}}],"line":71},"8":{"loc":{"start":{"line":88,"column":8},"end":{"line":90,"column":9}},"type":"if","locations":[{"start":{"line":88,"column":8},"end":{"line":90,"column":9}},{"start":{"line":88,"column":8},"end":{"line":90,"column":9}}],"line":88},"9":{"loc":{"start":{"line":92,"column":8},"end":{"line":94,"column":9}},"type":"if","locations":[{"start":{"line":92,"column":8},"end":{"line":94,"column":9}},{"start":{"line":92,"column":8},"end":{"line":94,"column":9}}],"line":92},"10":{"loc":{"start":{"line":96,"column":8},"end":{"line":98,"column":9}},"type":"if","locations":[{"start":{"line":96,"column":8},"end":{"line":98,"column":9}},{"start":{"line":96,"column":8},"end":{"line":98,"column":9}}],"line":96},"11":{"loc":{"start":{"line":101,"column":12},"end":{"line":103,"column":13}},"type":"if","locations":[{"start":{"line":101,"column":12},"end":{"line":103,"column":13}},{"start":{"line":101,"column":12},"end":{"line":103,"column":13}}],"line":101},"12":{"loc":{"start":{"line":101,"column":16},"end":{"line":101,"column":101}},"type":"binary-expr","locations":[{"start":{"line":101,"column":17},"end":{"line":101,"column":37}},{"start":{"line":101,"column":41},"end":{"line":101,"column":83}},{"start":{"line":101,"column":88},"end":{"line":101,"column":101}}],"line":101},"13":{"loc":{"start":{"line":119,"column":8},"end":{"line":125,"column":9}},"type":"if","locations":[{"start":{"line":119,"column":8},"end":{"line":125,"column":9}},{"start":{"line":119,"column":8},"end":{"line":125,"column":9}}],"line":119},"14":{"loc":{"start":{"line":120,"column":12},"end":{"line":124,"column":13}},"type":"if","locations":[{"start":{"line":120,"column":12},"end":{"line":124,"column":13}},{"start":{"line":120,"column":12},"end":{"line":124,"column":13}}],"line":120},"15":{"loc":{"start":{"line":132,"column":8},"end":{"line":180,"column":9}},"type":"switch","locations":[{"start":{"line":133,"column":12},"end":{"line":133,"column":21}},{"start":{"line":134,"column":12},"end":{"line":143,"column":22}},{"start":{"line":144,"column":12},"end":{"line":144,"column":21}},{"start":{"line":145,"column":12},"end":{"line":156,"column":13}},{"start":{"line":157,"column":12},"end":{"line":157,"column":21}},{"start":{"line":158,"column":12},"end":{"line":167,"column":22}},{"start":{"line":168,"column":12},"end":{"line":179,"column":13}}],"line":132},"16":{"loc":{"start":{"line":136,"column":20},"end":{"line":141,"column":21}},"type":"if","locations":[{"start":{"line":136,"column":20},"end":{"line":141,"column":21}},{"start":{"line":136,"column":20},"end":{"line":141,"column":21}}],"line":136},"17":{"loc":{"start":{"line":148,"column":20},"end":{"line":153,"column":21}},"type":"if","locations":[{"start":{"line":148,"column":20},"end":{"line":153,"column":21}},{"start":{"line":148,"column":20},"end":{"line":153,"column":21}}],"line":148},"18":{"loc":{"start":{"line":160,"column":20},"end":{"line":165,"column":21}},"type":"if","locations":[{"start":{"line":160,"column":20},"end":{"line":165,"column":21}},{"start":{"line":160,"column":20},"end":{"line":165,"column":21}}],"line":160},"19":{"loc":{"start":{"line":160,"column":24},"end":{"line":160,"column":79}},"type":"binary-expr","locations":[{"start":{"line":160,"column":24},"end":{"line":160,"column":42}},{"start":{"line":160,"column":46},"end":{"line":160,"column":79}}],"line":160},"20":{"loc":{"start":{"line":171,"column":20},"end":{"line":176,"column":21}},"type":"if","locations":[{"start":{"line":171,"column":20},"end":{"line":176,"column":21}},{"start":{"line":171,"column":20},"end":{"line":176,"column":21}}],"line":171},"21":{"loc":{"start":{"line":171,"column":24},"end":{"line":171,"column":79}},"type":"binary-expr","locations":[{"start":{"line":171,"column":24},"end":{"line":171,"column":42}},{"start":{"line":171,"column":46},"end":{"line":171,"column":79}}],"line":171},"22":{"loc":{"start":{"line":184,"column":12},"end":{"line":189,"column":13}},"type":"if","locations":[{"start":{"line":184,"column":12},"end":{"line":189,"column":13}},{"start":{"line":184,"column":12},"end":{"line":189,"column":13}}],"line":184},"23":{"loc":{"start":{"line":194,"column":8},"end":{"line":198,"column":9}},"type":"if","locations":[{"start":{"line":194,"column":8},"end":{"line":198,"column":9}},{"start":{"line":194,"column":8},"end":{"line":198,"column":9}}],"line":194},"24":{"loc":{"start":{"line":203,"column":11},"end":{"line":205,"column":12}},"type":"if","locations":[{"start":{"line":203,"column":11},"end":{"line":205,"column":12}},{"start":{"line":203,"column":11},"end":{"line":205,"column":12}}],"line":203}},"s":{"0":3,"1":3,"2":3,"3":3,"4":3,"5":3,"6":3,"7":3,"8":3,"9":0,"10":0,"11":0,"12":0,"13":0,"14":0,"15":0,"16":0,"17":0,"18":0,"19":0,"20":0,"21":0,"22":0,"23":0,"24":0,"25":0,"26":0,"27":0,"28":0,"29":0,"30":0,"31":0,"32":0,"33":0,"34":0,"35":0,"36":0,"37":0,"38":0,"39":0,"40":0,"41":0,"42":0,"43":0,"44":0,"45":0,"46":0,"47":0,"48":0,"49":0,"50":0,"51":0,"52":0,"53":0,"54":0,"55":0,"56":0,"57":0,"58":0,"59":0,"60":0,"61":0,"62":0,"63":0,"64":0,"65":0,"66":0,"67":0,"68":0,"69":0,"70":0,"71":0,"72":0,"73":0,"74":0,"75":0,"76":0,"77":0,"78":0,"79":0,"80":0,"81":0,"82":0,"83":0,"84":0,"85":0,"86":0,"87":0,"88":0,"89":0,"90":0,"91":0,"92":3},"f":{"0":3,"1":0,"2":0,"3":0,"4":0,"5":0,"6":0,"7":0,"8":0},"b":{"0":[0,0,0,0],"1":[0,0],"2":[0,0],"3":[0,0],"4":[0,0],"5":[0,0],"6":[0,0],"7":[0,0],"8":[0,0],"9":[0,0],"10":[0,0],"11":[0,0],"12":[0,0,0],"13":[0,0],"14":[0,0],"15":[0,0,0,0,0,0,0],"16":[0,0],"17":[0,0],"18":[0,0],"19":[0,0],"20":[0,0],"21":[0,0],"22":[0,0],"23":[0,0],"24":[0,0]},"_coverageSchema":"332fd63041d2c1bcb487cc26dd0d5f7d97098a6c","hash":"b64e5a173ad115224bef256f71c332402e2936c4"}
,"/home/alexandra/uni/SEP/Ass1resit/battleship-cli/lib/Ship.js": {"path":"/home/alexandra/uni/SEP/Ass1resit/battleship-cli/lib/Ship.js","statementMap":{"0":{"start":{"line":3,"column":8},"end":{"line":3,"column":22}},"1":{"start":{"line":4,"column":8},"end":{"line":4,"column":25}},"2":{"start":{"line":5,"column":8},"end":{"line":5,"column":25}},"3":{"start":{"line":6,"column":8},"end":{"line":6,"column":26}},"4":{"start":{"line":7,"column":8},"end":{"line":7,"column":28}},"5":{"start":{"line":8,"column":8},"end":{"line":8,"column":41}},"6":{"start":{"line":12,"column":8},"end":{"line":12,"column":20}},"7":{"start":{"line":13,"column":8},"end":{"line":13,"column":24}},"8":{"start":{"line":17,"column":8},"end":{"line":19,"column":9}},"9":{"start":{"line":18,"column":12},"end":{"line":18,"column":29}},"10":{"start":{"line":24,"column":0},"end":{"line":24,"column":22}}},"fnMap":{"0":{"name":"(anonymous_0)","decl":{"start":{"line":2,"column":4},"end":{"line":2,"column":5}},"loc":{"start":{"line":2,"column":42},"end":{"line":9,"column":5}},"line":2},"1":{"name":"(anonymous_1)","decl":{"start":{"line":11,"column":4},"end":{"line":11,"column":5}},"loc":{"start":{"line":11,"column":20},"end":{"line":14,"column":5}},"line":11},"2":{"name":"(anonymous_2)","decl":{"start":{"line":16,"column":4},"end":{"line":16,"column":5}},"loc":{"start":{"line":16,"column":15},"end":{"line":20,"column":5}},"line":16}},"branchMap":{"0":{"loc":{"start":{"line":17,"column":8},"end":{"line":19,"column":9}},"type":"if","locations":[{"start":{"line":17,"column":8},"end":{"line":19,"column":9}},{"start":{"line":17,"column":8},"end":{"line":19,"column":9}}],"line":17}},"s":{"0":0,"1":0,"2":0,"3":0,"4":0,"5":0,"6":0,"7":0,"8":0,"9":0,"10":3},"f":{"0":0,"1":0,"2":0},"b":{"0":[0,0]},"_coverageSchema":"332fd63041d2c1bcb487cc26dd0d5f7d97098a6c","hash":"7fe39eb8d31f95038df97a8021822a2862410a7d"}
,"/home/alexandra/uni/SEP/Ass1resit/battleship-cli/utils/helpers.js": {"path":"/home/alexandra/uni/SEP/Ass1resit/battleship-cli/utils/helpers.js","statementMap":{"0":{"start":{"line":1,"column":14},"end":{"line":1,"column":30}},"1":{"start":{"line":3,"column":0},"end":{"line":59,"column":1}},"2":{"start":{"line":5,"column":20},"end":{"line":5,"column":22}},"3":{"start":{"line":6,"column":16},"end":{"line":6,"column":17}},"4":{"start":{"line":7,"column":8},"end":{"line":14,"column":9}},"5":{"start":{"line":8,"column":12},"end":{"line":12,"column":13}},"6":{"start":{"line":9,"column":16},"end":{"line":9,"column":36}},"7":{"start":{"line":11,"column":16},"end":{"line":11,"column":64}},"8":{"start":{"line":13,"column":12},"end":{"line":13,"column":16}},"9":{"start":{"line":16,"column":8},"end":{"line":33,"column":9}},"10":{"start":{"line":17,"column":20},"end":{"line":17,"column":21}},"11":{"start":{"line":18,"column":12},"end":{"line":32,"column":13}},"12":{"start":{"line":19,"column":16},"end":{"line":30,"column":17}},"13":{"start":{"line":20,"column":30},"end":{"line":20,"column":41}},"14":{"start":{"line":21,"column":20},"end":{"line":27,"column":21}},"15":{"start":{"line":23,"column":28},"end":{"line":23,"column":63}},"16":{"start":{"line":24,"column":28},"end":{"line":24,"column":34}},"17":{"start":{"line":26,"column":28},"end":{"line":26,"column":57}},"18":{"start":{"line":29,"column":20},"end":{"line":29,"column":43}},"19":{"start":{"line":31,"column":16},"end":{"line":31,"column":20}},"20":{"start":{"line":35,"column":8},"end":{"line":35,"column":21}},"21":{"start":{"line":38,"column":8},"end":{"line":47,"column":9}},"22":{"start":{"line":39,"column":12},"end":{"line":46,"column":57}},"23":{"start":{"line":49,"column":8},"end":{"line":54,"column":73}},"24":{"start":{"line":57,"column":8},"end":{"line":57,"column":44}}},"fnMap":{"0":{"name":"(anonymous_0)","decl":{"start":{"line":4,"column":15},"end":{"line":4,"column":16}},"loc":{"start":{"line":4,"column":30},"end":{"line":36,"column":5}},"line":4},"1":{"name":"(anonymous_1)","decl":{"start":{"line":37,"column":15},"end":{"line":37,"column":16}},"loc":{"start":{"line":37,"column":31},"end":{"line":55,"column":5}},"line":37},"2":{"name":"(anonymous_2)","decl":{"start":{"line":56,"column":12},"end":{"line":56,"column":13}},"loc":{"start":{"line":56,"column":27},"end":{"line":58,"column":5}},"line":56}},"branchMap":{"0":{"loc":{"start":{"line":8,"column":12},"end":{"line":12,"column":13}},"type":"if","locations":[{"start":{"line":8,"column":12},"end":{"line":12,"column":13}},{"start":{"line":8,"column":12},"end":{"line":12,"column":13}}],"line":8},"1":{"loc":{"start":{"line":19,"column":16},"end":{"line":30,"column":17}},"type":"if","locations":[{"start":{"line":19,"column":16},"end":{"line":30,"column":17}},{"start":{"line":19,"column":16},"end":{"line":30,"column":17}}],"line":19},"2":{"loc":{"start":{"line":21,"column":20},"end":{"line":27,"column":21}},"type":"switch","locations":[{"start":{"line":22,"column":24},"end":{"line":24,"column":34}},{"start":{"line":25,"column":24},"end":{"line":26,"column":57}}],"line":21},"3":{"loc":{"start":{"line":38,"column":8},"end":{"line":47,"column":9}},"type":"if","locations":[{"start":{"line":38,"column":8},"end":{"line":47,"column":9}},{"start":{"line":38,"column":8},"end":{"line":47,"column":9}}],"line":38}},"s":{"0":3,"1":3,"2":0,"3":0,"4":0,"5":0,"6":0,"7":0,"8":0,"9":0,"10":0,"11":0,"12":0,"13":0,"14":0,"15":0,"16":0,"17":0,"18":0,"19":0,"20":0,"21":0,"22":0,"23":0,"24":42},"f":{"0":0,"1":0,"2":42},"b":{"0":[0,0],"1":[0,0],"2":[0,0],"3":[0,0]},"_coverageSchema":"332fd63041d2c1bcb487cc26dd0d5f7d97098a6c","hash":"88b35378a7f268a325cd59f5752951d0fae3d3ab"}
,"/home/alexandra/uni/SEP/Ass1resit/battleship-cli/utils/keys.js": {"path":"/home/alexandra/uni/SEP/Ass1resit/battleship-cli/utils/keys.js","statementMap":{"0":{"start":{"line":1,"column":0},"end":{"line":83,"column":1}}},"fnMap":{},"branchMap":{},"s":{"0":3},"f":{},"b":{},"_coverageSchema":"332fd63041d2c1bcb487cc26dd0d5f7d97098a6c","hash":"fe9f2c46d8e66d09449d85451131136ae160090a"}
,"/home/alexandra/uni/SEP/Ass1resit/battleship-cli/utils/messages.js": {"path":"/home/alexandra/uni/SEP/Ass1resit/battleship-cli/utils/messages.js","statementMap":{"0":{"start":{"line":1,"column":19},"end":{"line":1,"column":46}},"1":{"start":{"line":2,"column":19},"end":{"line":2,"column":35}},"2":{"start":{"line":4,"column":0},"end":{"line":29,"column":1}},"3":{"start":{"line":8,"column":26},"end":{"line":8,"column":112}},"4":{"start":{"line":23,"column":8},"end":{"line":23,"column":108}},"5":{"start":{"line":26,"column":8},"end":{"line":26,"column":157}}},"fnMap":{"0":{"name":"(anonymous_0)","decl":{"start":{"line":8,"column":20},"end":{"line":8,"column":21}},"loc":{"start":{"line":8,"column":26},"end":{"line":8,"column":112}},"line":8},"1":{"name":"(anonymous_1)","decl":{"start":{"line":22,"column":24},"end":{"line":22,"column":25}},"loc":{"start":{"line":22,"column":39},"end":{"line":24,"column":5}},"line":22},"2":{"name":"(anonymous_2)","decl":{"start":{"line":25,"column":17},"end":{"line":25,"column":18}},"loc":{"start":{"line":25,"column":40},"end":{"line":27,"column":5}},"line":25}},"branchMap":{},"s":{"0":3,"1":3,"2":3,"3":0,"4":0,"5":0},"f":{"0":0,"1":0,"2":0},"b":{},"_coverageSchema":"332fd63041d2c1bcb487cc26dd0d5f7d97098a6c","hash":"65cd313b87ba98758b4634f39b1d4c8a3a35aafc"}
,"/home/alexandra/uni/SEP/Ass1resit/battleship-cli/utils/validateCoords.js": {"path":"/home/alexandra/uni/SEP/Ass1resit/battleship-cli/utils/validateCoords.js","statementMap":{"0":{"start":{"line":2,"column":4},"end":{"line":5,"column":5}},"1":{"start":{"line":9,"column":4},"end":{"line":11,"column":5}},"2":{"start":{"line":10,"column":8},"end":{"line":10,"column":21}},"3":{"start":{"line":12,"column":25},"end":{"line":12,"column":49}},"4":{"start":{"line":13,"column":4},"end":{"line":20,"column":5}},"5":{"start":{"line":19,"column":8},"end":{"line":19,"column":21}},"6":{"start":{"line":21,"column":4},"end":{"line":21,"column":16}},"7":{"start":{"line":24,"column":0},"end":{"line":27,"column":2}}},"fnMap":{"0":{"name":"parseCoordinates","decl":{"start":{"line":1,"column":9},"end":{"line":1,"column":25}},"loc":{"start":{"line":1,"column":34},"end":{"line":6,"column":1}},"line":1},"1":{"name":"isCoordinateValid","decl":{"start":{"line":8,"column":9},"end":{"line":8,"column":26}},"loc":{"start":{"line":8,"column":46},"end":{"line":22,"column":1}},"line":8}},"branchMap":{"0":{"loc":{"start":{"line":9,"column":4},"end":{"line":11,"column":5}},"type":"if","locations":[{"start":{"line":9,"column":4},"end":{"line":11,"column":5}},{"start":{"line":9,"column":4},"end":{"line":11,"column":5}}],"line":9},"1":{"loc":{"start":{"line":13,"column":4},"end":{"line":20,"column":5}},"type":"if","locations":[{"start":{"line":13,"column":4},"end":{"line":20,"column":5}},{"start":{"line":13,"column":4},"end":{"line":20,"column":5}}],"line":13},"2":{"loc":{"start":{"line":13,"column":8},"end":{"line":18,"column":15}},"type":"binary-expr","locations":[{"start":{"line":13,"column":8},"end":{"line":13,"column":25}},{"start":{"line":14,"column":8},"end":{"line":14,"column":27}},{"start":{"line":15,"column":8},"end":{"line":15,"column":23}},{"start":{"line":16,"column":8},"end":{"line":16,"column":23}},{"start":{"line":17,"column":8},"end":{"line":17,"column":15}},{"start":{"line":18,"column":8},"end":{"line":18,"column":15}}],"line":13}},"s":{"0":1436,"1":1359,"2":0,"3":1359,"4":1359,"5":0,"6":1359,"7":3},"f":{"0":1436,"1":1359},"b":{"0":[0,1359],"1":[0,1359],"2":[1359,1359,1359,1359,1359,1359]},"_coverageSchema":"332fd63041d2c1bcb487cc26dd0d5f7d97098a6c","hash":"2b010b8a3be7fc84faef5d2c998d7823adb6dfe1"}
}
