TN:
SF:/home/alexandra/uni/SEP/Ass1resit/battleship-cli/lib/Cpu.js
FN:7,(anonymous_0)
FN:15,(anonymous_1)
FN:28,(anonymous_2)
FN:32,(anonymous_3)
FN:68,(anonymous_4)
FN:125,goLeft
FN:136,goUp
FN:147,goRight
FN:158,goDown
FN:225,(anonymous_9)
FN:235,(anonymous_10)
FN:254,(anonymous_11)
FN:260,(anonymous_12)
FN:266,(anonymous_13)
FN:274,(anonymous_14)
FNF:15
FNH:14
FNDA:3,(anonymous_0)
FNDA:0,(anonymous_1)
FNDA:5496,(anonymous_2)
FNDA:31,(anonymous_3)
FNDA:28,(anonymous_4)
FNDA:20,goLeft
FNDA:19,goUp
FNDA:20,goRight
FNDA:19,goDown
FNDA:29,(anonymous_9)
FNDA:23,(anonymous_10)
FNDA:825,(anonymous_11)
FNDA:825,(anonymous_12)
FNDA:849,(anonymous_13)
FNDA:1702,(anonymous_14)
DA:1,3
DA:2,3
DA:3,3
DA:4,3
DA:8,3
DA:9,3
DA:10,3
DA:11,3
DA:12,3
DA:16,0
DA:17,0
DA:18,0
DA:19,0
DA:20,0
DA:21,0
DA:22,0
DA:23,0
DA:29,5496
DA:36,31
DA:37,31
DA:38,31
DA:40,31
DA:41,30
DA:42,30
DA:43,21
DA:46,31
DA:47,30
DA:48,30
DA:49,27
DA:52,31
DA:53,30
DA:54,30
DA:55,18
DA:58,31
DA:59,29
DA:60,29
DA:61,14
DA:65,31
DA:69,28
DA:70,28
DA:71,28
DA:72,28
DA:73,28
DA:74,28
DA:75,28
DA:76,28
DA:77,28
DA:80,28
DA:81,18
DA:85,28
DA:89,28
DA:90,28
DA:91,28
DA:92,28
DA:95,28
DA:96,12
DA:98,28
DA:99,16
DA:101,28
DA:102,16
DA:104,28
DA:105,11
DA:109,28
DA:113,18
DA:114,10
DA:119,18
DA:120,8
DA:126,20
DA:128,47
DA:129,11
DA:130,36
DA:131,32
DA:137,19
DA:139,48
DA:140,9
DA:141,39
DA:142,32
DA:148,20
DA:150,74
DA:151,2
DA:152,72
DA:153,60
DA:159,19
DA:161,67
DA:162,4
DA:163,63
DA:164,57
DA:170,28
DA:171,20
DA:175,28
DA:176,18
DA:180,28
DA:181,20
DA:185,28
DA:186,18
DA:204,28
DA:205,27
DA:207,1
DA:208,0
DA:209,0
DA:210,1
DA:211,1
DA:212,1
DA:214,1
DA:215,1
DA:219,0
DA:220,0
DA:228,29
DA:229,28
DA:231,1
DA:236,23
DA:240,20
DA:247,23
DA:251,23
DA:257,825
DA:263,825
DA:267,849
DA:268,3841
DA:271,849
DA:275,1702
DA:277,23
DA:279,825
DA:281,825
DA:283,29
DA:288,3
LF:125
LH:113
BRDA:22,0,0,0
BRDA:22,0,1,0
BRDA:40,1,0,30
BRDA:40,1,1,1
BRDA:42,2,0,21
BRDA:42,2,1,9
BRDA:46,3,0,30
BRDA:46,3,1,1
BRDA:48,4,0,27
BRDA:48,4,1,3
BRDA:52,5,0,30
BRDA:52,5,1,1
BRDA:54,6,0,18
BRDA:54,6,1,12
BRDA:58,7,0,29
BRDA:58,7,1,2
BRDA:60,8,0,14
BRDA:60,8,1,15
BRDA:80,9,0,18
BRDA:80,9,1,10
BRDA:95,10,0,12
BRDA:95,10,1,16
BRDA:98,11,0,16
BRDA:98,11,1,12
BRDA:101,12,0,16
BRDA:101,12,1,12
BRDA:104,13,0,11
BRDA:104,13,1,17
BRDA:109,14,0,18
BRDA:109,14,1,10
BRDA:109,15,0,28
BRDA:109,15,1,10
BRDA:113,16,0,10
BRDA:113,16,1,8
BRDA:113,17,0,18
BRDA:113,17,1,10
BRDA:119,18,0,8
BRDA:119,18,1,10
BRDA:119,19,0,18
BRDA:119,19,1,8
BRDA:128,20,0,11
BRDA:128,20,1,36
BRDA:130,21,0,32
BRDA:130,21,1,4
BRDA:139,22,0,9
BRDA:139,22,1,39
BRDA:141,23,0,32
BRDA:141,23,1,7
BRDA:150,24,0,2
BRDA:150,24,1,72
BRDA:152,25,0,60
BRDA:152,25,1,12
BRDA:161,26,0,4
BRDA:161,26,1,63
BRDA:163,27,0,57
BRDA:163,27,1,6
BRDA:170,28,0,20
BRDA:170,28,1,8
BRDA:175,29,0,18
BRDA:175,29,1,10
BRDA:180,30,0,20
BRDA:180,30,1,8
BRDA:185,31,0,18
BRDA:185,31,1,10
BRDA:204,32,0,27
BRDA:204,32,1,1
BRDA:207,33,0,0
BRDA:207,33,1,1
BRDA:210,34,0,1
BRDA:210,34,1,0
BRDA:214,35,0,1
BRDA:214,35,1,0
BRDA:228,36,0,28
BRDA:228,36,1,1
BRDA:236,37,0,20
BRDA:236,37,1,3
BRDA:236,38,0,23
BRDA:236,38,1,20
BRDA:247,39,0,19
BRDA:247,39,1,4
BRDA:275,40,0,23
BRDA:275,40,1,825
BRDA:275,40,2,825
BRDA:275,40,3,29
BRF:84
BRH:79
end_of_record
TN:
SF:/home/alexandra/uni/SEP/Ass1resit/battleship-cli/lib/Player.js
FN:23,(anonymous_0)
FN:30,(anonymous_1)
FN:38,(anonymous_2)
FN:59,(anonymous_3)
FN:81,(anonymous_4)
FN:87,(anonymous_5)
FN:116,(anonymous_6)
FN:182,fail
FN:201,(anonymous_8)
FNF:9
FNH:1
FNDA:3,(anonymous_0)
FNDA:0,(anonymous_1)
FNDA:0,(anonymous_2)
FNDA:0,(anonymous_3)
FNDA:0,(anonymous_4)
FNDA:0,(anonymous_5)
FNDA:0,(anonymous_6)
FNDA:0,fail
FNDA:0,(anonymous_8)
DA:1,3
DA:2,3
DA:7,3
DA:12,3
DA:20,3
DA:24,3
DA:25,3
DA:26,3
DA:27,3
DA:31,0
DA:32,0
DA:33,0
DA:34,0
DA:35,0
DA:39,0
DA:40,0
DA:42,0
DA:45,0
DA:46,0
DA:50,0
DA:53,0
DA:54,0
DA:55,0
DA:60,0
DA:61,0
DA:62,0
DA:63,0
DA:64,0
DA:65,0
DA:66,0
DA:67,0
DA:71,0
DA:83,0
DA:84,0
DA:88,0
DA:89,0
DA:92,0
DA:93,0
DA:96,0
DA:97,0
DA:100,0
DA:101,0
DA:102,0
DA:106,0
DA:117,0
DA:119,0
DA:120,0
DA:121,0
DA:123,0
DA:127,0
DA:128,0
DA:129,0
DA:130,0
DA:132,0
DA:135,0
DA:136,0
DA:137,0
DA:138,0
DA:140,0
DA:143,0
DA:146,0
DA:147,0
DA:148,0
DA:149,0
DA:150,0
DA:152,0
DA:155,0
DA:159,0
DA:160,0
DA:161,0
DA:162,0
DA:164,0
DA:167,0
DA:169,0
DA:170,0
DA:171,0
DA:172,0
DA:173,0
DA:175,0
DA:178,0
DA:183,0
DA:184,0
DA:185,0
DA:187,0
DA:188,0
DA:192,0
DA:194,0
DA:195,0
DA:197,0
DA:202,0
DA:203,0
DA:204,0
DA:210,3
LF:93
LH:10
BRDA:42,0,0,0
BRDA:42,0,1,0
BRDA:42,0,2,0
BRDA:42,0,3,0
BRDA:46,1,0,0
BRDA:46,1,1,0
BRDA:50,2,0,0
BRDA:50,2,1,0
BRDA:61,3,0,0
BRDA:61,3,1,0
BRDA:63,4,0,0
BRDA:63,4,1,0
BRDA:66,5,0,0
BRDA:66,5,1,0
BRDA:67,6,0,0
BRDA:67,6,1,0
BRDA:71,7,0,0
BRDA:71,7,1,0
BRDA:88,8,0,0
BRDA:88,8,1,0
BRDA:92,9,0,0
BRDA:92,9,1,0
BRDA:96,10,0,0
BRDA:96,10,1,0
BRDA:101,11,0,0
BRDA:101,11,1,0
BRDA:101,12,0,0
BRDA:101,12,1,0
BRDA:101,12,2,0
BRDA:119,13,0,0
BRDA:119,13,1,0
BRDA:120,14,0,0
BRDA:120,14,1,0
BRDA:132,15,0,0
BRDA:132,15,1,0
BRDA:132,15,2,0
BRDA:132,15,3,0
BRDA:132,15,4,0
BRDA:132,15,5,0
BRDA:132,15,6,0
BRDA:136,16,0,0
BRDA:136,16,1,0
BRDA:148,17,0,0
BRDA:148,17,1,0
BRDA:160,18,0,0
BRDA:160,18,1,0
BRDA:160,19,0,0
BRDA:160,19,1,0
BRDA:171,20,0,0
BRDA:171,20,1,0
BRDA:171,21,0,0
BRDA:171,21,1,0
BRDA:184,22,0,0
BRDA:184,22,1,0
BRDA:194,23,0,0
BRDA:194,23,1,0
BRDA:203,24,0,0
BRDA:203,24,1,0
BRF:58
BRH:0
end_of_record
TN:
SF:/home/alexandra/uni/SEP/Ass1resit/battleship-cli/lib/Ship.js
FN:2,(anonymous_0)
FN:11,(anonymous_1)
FN:16,(anonymous_2)
FNF:3
FNH:0
FNDA:0,(anonymous_0)
FNDA:0,(anonymous_1)
FNDA:0,(anonymous_2)
DA:3,0
DA:4,0
DA:5,0
DA:6,0
DA:7,0
DA:8,0
DA:12,0
DA:13,0
DA:17,0
DA:18,0
DA:24,3
LF:11
LH:1
BRDA:17,0,0,0
BRDA:17,0,1,0
BRF:2
BRH:0
end_of_record
TN:
SF:/home/alexandra/uni/SEP/Ass1resit/battleship-cli/utils/helpers.js
FN:4,(anonymous_0)
FN:37,(anonymous_1)
FN:56,(anonymous_2)
FNF:3
FNH:1
FNDA:0,(anonymous_0)
FNDA:0,(anonymous_1)
FNDA:42,(anonymous_2)
DA:1,3
DA:3,3
DA:5,0
DA:6,0
DA:7,0
DA:8,0
DA:9,0
DA:11,0
DA:13,0
DA:16,0
DA:17,0
DA:18,0
DA:19,0
DA:20,0
DA:21,0
DA:23,0
DA:24,0
DA:26,0
DA:29,0
DA:31,0
DA:35,0
DA:38,0
DA:39,0
DA:49,0
DA:57,42
LF:25
LH:3
BRDA:8,0,0,0
BRDA:8,0,1,0
BRDA:19,1,0,0
BRDA:19,1,1,0
BRDA:21,2,0,0
BRDA:21,2,1,0
BRDA:38,3,0,0
BRDA:38,3,1,0
BRF:8
BRH:0
end_of_record
TN:
SF:/home/alexandra/uni/SEP/Ass1resit/battleship-cli/utils/keys.js
FNF:0
FNH:0
DA:1,3
LF:1
LH:1
BRF:0
BRH:0
end_of_record
TN:
SF:/home/alexandra/uni/SEP/Ass1resit/battleship-cli/utils/messages.js
FN:8,(anonymous_0)
FN:22,(anonymous_1)
FN:25,(anonymous_2)
FNF:3
FNH:0
FNDA:0,(anonymous_0)
FNDA:0,(anonymous_1)
FNDA:0,(anonymous_2)
DA:1,3
DA:2,3
DA:4,3
DA:8,0
DA:23,0
DA:26,0
LF:6
LH:3
BRF:0
BRH:0
end_of_record
TN:
SF:/home/alexandra/uni/SEP/Ass1resit/battleship-cli/utils/validateCoords.js
FN:1,parseCoordinates
FN:8,isCoordinateValid
FNF:2
FNH:2
FNDA:1436,parseCoordinates
FNDA:1359,isCoordinateValid
DA:2,1436
DA:9,1359
DA:10,0
DA:12,1359
DA:13,1359
DA:19,0
DA:21,1359
DA:24,3
LF:8
LH:6
BRDA:9,0,0,0
BRDA:9,0,1,1359
BRDA:13,1,0,0
BRDA:13,1,1,1359
BRDA:13,2,0,1359
BRDA:13,2,1,1359
BRDA:13,2,2,1359
BRDA:13,2,3,1359
BRDA:13,2,4,1359
BRDA:13,2,5,1359
BRF:10
BRH:8
end_of_record
